<?xml version="1.0" encoding="UTF-8"?>
<testsuite name="GameTest" tests="1" skipped="0" failures="0" errors="0" timestamp="2021-03-22T01:48:28" hostname="MacBook-Pro-de-nouri-2.local" time="0.004">
  <properties/>
  <testcase name="shouldCountMisplacedColors" classname="GameTest" time="0.004"/>
  <system-out><![CDATA[]]></system-out>
  <system-err><![CDATA[]]></system-err>
</testsuite>
